<?xml version="1.0" encoding="UTF-8"?>
<!-- Generated by org.testng.reporters.JUnitReportReporter -->
<testsuite skipped="0" hostname="INHYDSAICHARAN" name="com.ramtech.tests.LoginTest" tests="1" failures="0" timestamp="10 Dec 2019 04:52:29 GMT" time="129.503" errors="0">
  <testcase name="cal_add" time="129.503" classname="com.ramtech.tests.LoginTest"/>
</testsuite> <!-- com.ramtech.tests.LoginTest -->
